# JRE version: Java(TM) SE Runtime Environment (23.0.2+7) (build 23.0.2+7-58)
# Java VM: Java HotSpot(TM) 64-Bit Server VM (23.0.2+7-58, mixed mode, sharing, tiered, compressed oops, compressed class ptrs, g1 gc, windows-amd64)
GC Precious Log:
 CardTable entry size: 512
 Card Set container configuration: InlinePtr #cards 5 size 8 Array Of Cards #cards 10 size 36 Howl #buckets 4 coarsen threshold 1843 Howl Bitmap #cards 512 size 80 coarsen threshold 460 Card regions per heap region 1 cards per card region 2048
 CPUs: 4 total, 4 available
 Memory: 8026M
 Large Page Support: Disabled
 NUMA Support: Disabled
 Compressed Oops: Enabled (32-bit)
 Heap Region Size: 1M
 Heap Min Capacity: 256M
 Heap Initial Capacity: 256M
 Heap Max Capacity: 512M
 Pre-touch: Disabled
 Parallel Workers: 4
 Concurrent Workers: 1
 Concurrent Refinement Workers: 4
 Periodic GC: Disabled
Heap:
 garbage-first heap   total reserved 524288K, committed 262144K, used 109056K [0x00000000e0000000, 0x0000000100000000)
  region size 1024K, 24 young (24576K), 7 survivors (7168K)
 Metaspace       used 85037K, committed 87424K, reserved 458752K
  class space    used 11907K, committed 13056K, reserved 327680K
GC Heap History (20 events):
Event: 9.142 GC heap before
{Heap before GC invocations=8 (full 0):
 garbage-first heap   total reserved 524288K, committed 262144K, used 47616K [0x00000000e0000000, 0x0000000100000000)
  region size 1024K, 24 young (24576K), 11 survivors (11264K)
 Metaspace       used 34898K, committed 35968K, reserved 393216K
  class space    used 4979K, committed 5440K, reserved 327680K
}
Event: 9.158 GC heap after
{Heap after GC invocations=9 (full 0):
 garbage-first heap   total reserved 524288K, committed 262144K, used 33326K [0x00000000e0000000, 0x0000000100000000)
  region size 1024K, 2 young (2048K), 2 survivors (2048K)
 Metaspace       used 34898K, committed 35968K, reserved 393216K
  class space    used 4979K, committed 5440K, reserved 327680K
}
Event: 9.243 GC heap before
{Heap before GC invocations=9 (full 0):
 garbage-first heap   total reserved 524288K, committed 262144K, used 36398K [0x00000000e0000000, 0x0000000100000000)
  region size 1024K, 6 young (6144K), 2 survivors (2048K)
 Metaspace       used 35185K, committed 36288K, reserved 393216K
  class space    used 5032K, committed 5504K, reserved 327680K
}
Event: 9.247 GC heap after
{Heap after GC invocations=10 (full 0):
 garbage-first heap   total reserved 524288K, committed 262144K, used 32881K [0x00000000e0000000, 0x0000000100000000)
  region size 1024K, 2 young (2048K), 2 survivors (2048K)
 Metaspace       used 35185K, committed 36288K, reserved 393216K
  class space    used 5032K, committed 5504K, reserved 327680K
}
Event: 12.010 GC heap before
{Heap before GC invocations=11 (full 0):
 garbage-first heap   total reserved 524288K, committed 262144K, used 171121K [0x00000000e0000000, 0x0000000100000000)
  region size 1024K, 136 young (139264K), 2 survivors (2048K)
 Metaspace       used 50347K, committed 52160K, reserved 393216K
  class space    used 7463K, committed 8320K, reserved 327680K
}
Event: 12.030 GC heap after
{Heap after GC invocations=12 (full 0):
 garbage-first heap   total reserved 524288K, committed 262144K, used 40957K [0x00000000e0000000, 0x0000000100000000)
  region size 1024K, 10 young (10240K), 10 survivors (10240K)
 Metaspace       used 50347K, committed 52160K, reserved 393216K
  class space    used 7463K, committed 8320K, reserved 327680K
}
Event: 22.231 GC heap before
{Heap before GC invocations=12 (full 0):
 garbage-first heap   total reserved 524288K, committed 262144K, used 98301K [0x00000000e0000000, 0x0000000100000000)
  region size 1024K, 68 young (69632K), 10 survivors (10240K)
 Metaspace       used 59285K, committed 61056K, reserved 393216K
  class space    used 8585K, committed 9408K, reserved 327680K
}
Event: 22.250 GC heap after
{Heap after GC invocations=13 (full 0):
 garbage-first heap   total reserved 524288K, committed 262144K, used 45160K [0x00000000e0000000, 0x0000000100000000)
  region size 1024K, 14 young (14336K), 14 survivors (14336K)
 Metaspace       used 59285K, committed 61056K, reserved 393216K
  class space    used 8585K, committed 9408K, reserved 327680K
}
Event: 22.292 GC heap before
{Heap before GC invocations=13 (full 0):
 garbage-first heap   total reserved 524288K, committed 262144K, used 49256K [0x00000000e0000000, 0x0000000100000000)
  region size 1024K, 19 young (19456K), 14 survivors (14336K)
 Metaspace       used 59569K, committed 61376K, reserved 393216K
  class space    used 8644K, committed 9472K, reserved 327680K
}
Event: 22.308 GC heap after
{Heap after GC invocations=14 (full 0):
 garbage-first heap   total reserved 524288K, committed 262144K, used 46080K [0x00000000e0000000, 0x0000000100000000)
  region size 1024K, 6 young (6144K), 6 survivors (6144K)
 Metaspace       used 59569K, committed 61376K, reserved 393216K
  class space    used 8644K, committed 9472K, reserved 327680K
}
Event: 24.634 GC heap before
{Heap before GC invocations=15 (full 0):
 garbage-first heap   total reserved 524288K, committed 262144K, used 192512K [0x00000000e0000000, 0x0000000100000000)
  region size 1024K, 149 young (152576K), 6 survivors (6144K)
 Metaspace       used 67617K, committed 69632K, reserved 393216K
  class space    used 9762K, committed 10688K, reserved 327680K
}
Event: 24.661 GC heap after
{Heap after GC invocations=16 (full 0):
 garbage-first heap   total reserved 524288K, committed 262144K, used 58368K [0x00000000e0000000, 0x0000000100000000)
  region size 1024K, 18 young (18432K), 18 survivors (18432K)
 Metaspace       used 67617K, committed 69632K, reserved 393216K
  class space    used 9762K, committed 10688K, reserved 327680K
}
Event: 26.341 GC heap before
{Heap before GC invocations=16 (full 0):
 garbage-first heap   total reserved 524288K, committed 262144K, used 195584K [0x00000000e0000000, 0x0000000100000000)
  region size 1024K, 153 young (156672K), 18 survivors (18432K)
 Metaspace       used 70906K, committed 73088K, reserved 393216K
  class space    used 10263K, committed 11328K, reserved 327680K
}
Event: 26.432 GC heap after
{Heap after GC invocations=17 (full 0):
 garbage-first heap   total reserved 524288K, committed 262144K, used 66560K [0x00000000e0000000, 0x0000000100000000)
  region size 1024K, 10 young (10240K), 10 survivors (10240K)
 Metaspace       used 70906K, committed 73088K, reserved 393216K
  class space    used 10263K, committed 11328K, reserved 327680K
}
Event: 28.949 GC heap before
{Heap before GC invocations=17 (full 0):
 garbage-first heap   total reserved 524288K, committed 262144K, used 206848K [0x00000000e0000000, 0x0000000100000000)
  region size 1024K, 148 young (151552K), 10 survivors (10240K)
 Metaspace       used 80613K, committed 82880K, reserved 458752K
  class space    used 11476K, committed 12544K, reserved 327680K
}
Event: 28.986 GC heap after
{Heap after GC invocations=18 (full 0):
 garbage-first heap   total reserved 524288K, committed 262144K, used 84992K [0x00000000e0000000, 0x0000000100000000)
  region size 1024K, 19 young (19456K), 19 survivors (19456K)
 Metaspace       used 80613K, committed 82880K, reserved 458752K
  class space    used 11476K, committed 12544K, reserved 327680K
}
Event: 148.217 GC heap before
{Heap before GC invocations=18 (full 0):
 garbage-first heap   total reserved 524288K, committed 262144K, used 211968K [0x00000000e0000000, 0x0000000100000000)
  region size 1024K, 144 young (147456K), 19 survivors (19456K)
 Metaspace       used 84355K, committed 86784K, reserved 458752K
  class space    used 11892K, committed 13056K, reserved 327680K
}
Event: 148.299 GC heap after
{Heap after GC invocations=19 (full 0):
 garbage-first heap   total reserved 524288K, committed 262144K, used 93184K [0x00000000e0000000, 0x0000000100000000)
  region size 1024K, 12 young (12288K), 12 survivors (12288K)
 Metaspace       used 84355K, committed 86784K, reserved 458752K
  class space    used 11892K, committed 13056K, reserved 327680K
}
Event: 177.965 GC heap before
{Heap before GC invocations=20 (full 0):
 garbage-first heap   total reserved 524288K, committed 262144K, used 217088K [0x00000000e0000000, 0x0000000100000000)
  region size 1024K, 133 young (136192K), 12 survivors (12288K)
 Metaspace       used 84953K, committed 87360K, reserved 458752K
  class space    used 11907K, committed 13056K, reserved 327680K
}
Event: 177.990 GC heap after
{Heap after GC invocations=21 (full 0):
 garbage-first heap   total reserved 524288K, committed 262144K, used 92672K [0x00000000e0000000, 0x0000000100000000)
  region size 1024K, 7 young (7168K), 7 survivors (7168K)
 Metaspace       used 84953K, committed 87360K, reserved 458752K
  class space    used 11907K, committed 13056K, reserved 327680K
}

